<?xml version="1.0" encoding="UTF-8"?>
<!-- Generated by org.testng.reporters.JUnitReportReporter -->
<testsuite hostname="SCandCo" failures="0" tests="2" name="groups.basicexample" time="0.060" errors="0" timestamp="2025-07-22T08:38:23 IST" skipped="0">
  <testcase classname="groups.basicexample" name="LoginWithCorrectData" time="0.044"/>
  <testcase classname="groups.basicexample" name="Logout" time="0.016"/>
</testsuite> <!-- groups.basicexample -->
