<?xml version="1.0" encoding="UTF-8"?>
<!-- Generated by org.testng.reporters.JUnitReportReporter -->
<testsuite hostname="SCandCo" failures="0" tests="2" name="assertion.AssertionExample" time="101.471" errors="0" timestamp="2025-07-23T08:47:07 IST" skipped="0">
  <testcase classname="assertion.AssertionExample" name="method2" time="94.854"/>
  <testcase classname="assertion.AssertionExample" name="method1" time="6.617"/>
</testsuite> <!-- assertion.AssertionExample -->
