<?xml version="1.0" encoding="UTF-8"?>
<!-- Generated by org.testng.reporters.JUnitReportReporter -->
<testsuite hostname="SCandCo" failures="0" tests="3" name="basic.basicexample" time="0.022" errors="0" timestamp="2025-07-21T08:51:42 IST" skipped="0">
  <testcase classname="basic.basicexample" name="LoginWithCorrectData" time="0.016"/>
  <testcase classname="basic.basicexample" name="Logout" time="0.004"/>
  <testcase classname="basic.basicexample" name="LoginWithInCorrectData" time="0.002"/>
</testsuite> <!-- basic.basicexample -->
