<?xml version="1.0" encoding="UTF-8"?>
<!-- Generated by org.testng.reporters.JUnitReportReporter -->
<testsuite hostname="SCandCo" failures="0" tests="1" name="groups.registrationtestcases" time="0.003" errors="0" timestamp="2025-07-22T08:38:23 IST" skipped="0">
  <testcase classname="groups.registrationtestcases" name="correctCredential" time="0.003"/>
</testsuite> <!-- groups.registrationtestcases -->
