<?xml version="1.0" encoding="UTF-8"?>
<!-- Generated by org.testng.reporters.JUnitReportReporter -->
<testsuite hostname="SCandCo" failures="0" tests="2" name="basic.registrationtestcases" time="0.006" errors="0" timestamp="2025-07-21T08:51:42 IST" skipped="0">
  <testcase classname="basic.registrationtestcases" name="correctCredential" time="0.004"/>
  <testcase classname="basic.registrationtestcases" name="existingID" time="0.002"/>
</testsuite> <!-- basic.registrationtestcases -->
